  Basic_File.cpp
C:\Dev\ProjectTime\Core\src\File Managment\Basic_File.h(9,23): error C2039: 'string': is not a member of 'std'
C:\Dev\ProjectTime\Core\predefined C++ types (compiler internal)(339): message : see declaration of 'std'
C:\Dev\ProjectTime\Core\src\File Managment\Basic_File.h(9,11): error C4430: missing type specifier - int assumed. Note: C++ does not support default-int
C:\Dev\ProjectTime\Core\src\File Managment\Basic_File.h(9,30): error C2146: syntax error: missing ')' before identifier 'path'
C:\Dev\ProjectTime\Core\src\File Managment\Basic_File.h(9,30): error C3646: 'path': unknown override specifier
C:\Dev\ProjectTime\Core\src\File Managment\Basic_File.h(9,11): error C2059: syntax error: ')'
C:\Dev\ProjectTime\Core\src\File Managment\Basic_File.h(17,8): error C2039: 'string': is not a member of 'std'
C:\Dev\ProjectTime\Core\predefined C++ types (compiler internal)(339): message : see declaration of 'std'
C:\Dev\ProjectTime\Core\src\File Managment\Basic_File.h(17,15): error C3646: 'Read': unknown override specifier
C:\Dev\ProjectTime\Core\src\File Managment\Basic_File.h(17,19): error C2059: syntax error: '('
C:\Dev\ProjectTime\Core\src\File Managment\Basic_File.h(17,21): error C2238: unexpected token(s) preceding ';'
C:\Dev\ProjectTime\Core\src\File Managment\Basic_File.h(18,25): error C2039: 'string': is not a member of 'std'
C:\Dev\ProjectTime\Core\predefined C++ types (compiler internal)(339): message : see declaration of 'std'
C:\Dev\ProjectTime\Core\src\File Managment\Basic_File.h(18,32): error C4430: missing type specifier - int assumed. Note: C++ does not support default-int
C:\Dev\ProjectTime\Core\src\File Managment\Basic_File.h(18,32): error C2146: syntax error: missing ')' before identifier 'str'
C:\Dev\ProjectTime\Core\src\File Managment\Basic_File.h(18,32): error C3646: 'str': unknown override specifier
C:\Dev\ProjectTime\Core\src\File Managment\Basic_File.h(18,35): error C2059: syntax error: ')'
C:\Dev\ProjectTime\Core\src\File Managment\Basic_File.h(31,8): error C2039: 'string': is not a member of 'std'
C:\Dev\ProjectTime\Core\predefined C++ types (compiler internal)(339): message : see declaration of 'std'
C:\Dev\ProjectTime\Core\src\File Managment\Basic_File.h(31,15): error C3646: 'GetPath': unknown override specifier
C:\Dev\ProjectTime\Core\src\File Managment\Basic_File.h(31,22): error C2059: syntax error: '('
C:\Dev\ProjectTime\Core\src\File Managment\Basic_File.h(31,24): error C2238: unexpected token(s) preceding ';'
C:\Dev\ProjectTime\Core\src\File Managment\Basic_File.h(32,8): error C2039: 'string': is not a member of 'std'
C:\Dev\ProjectTime\Core\predefined C++ types (compiler internal)(339): message : see declaration of 'std'
C:\Dev\ProjectTime\Core\src\File Managment\Basic_File.h(32,15): error C3646: 'GetName': unknown override specifier
C:\Dev\ProjectTime\Core\src\File Managment\Basic_File.h(32,22): error C2059: syntax error: '('
C:\Dev\ProjectTime\Core\src\File Managment\Basic_File.h(32,24): error C2238: unexpected token(s) preceding ';'
C:\Dev\ProjectTime\Core\src\File Managment\Basic_File.h(33,8): error C2039: 'string': is not a member of 'std'
C:\Dev\ProjectTime\Core\predefined C++ types (compiler internal)(339): message : see declaration of 'std'
C:\Dev\ProjectTime\Core\src\File Managment\Basic_File.h(33,15): error C3646: 'GetExtension': unknown override specifier
C:\Dev\ProjectTime\Core\src\File Managment\Basic_File.h(33,27): error C2059: syntax error: '('
C:\Dev\ProjectTime\Core\src\File Managment\Basic_File.h(33,29): error C2238: unexpected token(s) preceding ';'
C:\Dev\ProjectTime\Core\src\File Managment\Basic_File.h(34,8): error C2039: 'string': is not a member of 'std'
C:\Dev\ProjectTime\Core\predefined C++ types (compiler internal)(339): message : see declaration of 'std'
C:\Dev\ProjectTime\Core\src\File Managment\Basic_File.h(34,15): error C3646: 'GetFullName': unknown override specifier
C:\Dev\ProjectTime\Core\src\File Managment\Basic_File.h(34,26): error C2059: syntax error: '('
C:\Dev\ProjectTime\Core\src\File Managment\Basic_File.h(34,28): error C2238: unexpected token(s) preceding ';'
C:\Dev\ProjectTime\Core\src\File Managment\Basic_File.h(37,8): error C2039: 'string': is not a member of 'std'
C:\Dev\ProjectTime\Core\predefined C++ types (compiler internal)(339): message : see declaration of 'std'
C:\Dev\ProjectTime\Core\src\File Managment\Basic_File.h(37,15): error C3646: 'm_path': unknown override specifier
C:\Dev\ProjectTime\Core\src\File Managment\Basic_File.h(37,21): error C4430: missing type specifier - int assumed. Note: C++ does not support default-int
C:\Dev\ProjectTime\Core\src\File Managment\Basic_File.h(38,8): error C2039: 'string': is not a member of 'std'
C:\Dev\ProjectTime\Core\predefined C++ types (compiler internal)(339): message : see declaration of 'std'
C:\Dev\ProjectTime\Core\src\File Managment\Basic_File.h(38,15): error C3646: 'm_name': unknown override specifier
C:\Dev\ProjectTime\Core\src\File Managment\Basic_File.h(38,21): error C4430: missing type specifier - int assumed. Note: C++ does not support default-int
C:\Dev\ProjectTime\Core\src\File Managment\Basic_File.h(39,8): error C2039: 'string': is not a member of 'std'
C:\Dev\ProjectTime\Core\predefined C++ types (compiler internal)(339): message : see declaration of 'std'
C:\Dev\ProjectTime\Core\src\File Managment\Basic_File.h(39,15): error C3646: 'm_extension': unknown override specifier
C:\Dev\ProjectTime\Core\src\File Managment\Basic_File.h(39,26): error C4430: missing type specifier - int assumed. Note: C++ does not support default-int
C:\Dev\ProjectTime\Core\src\File Managment\Basic_File.h(40,8): error C2039: 'string': is not a member of 'std'
C:\Dev\ProjectTime\Core\predefined C++ types (compiler internal)(339): message : see declaration of 'std'
C:\Dev\ProjectTime\Core\src\File Managment\Basic_File.h(40,15): error C3646: 'm_fullName': unknown override specifier
C:\Dev\ProjectTime\Core\src\File Managment\Basic_File.h(40,25): error C4430: missing type specifier - int assumed. Note: C++ does not support default-int
C:\Dev\ProjectTime\Core\src\File Managment\Basic_File.h(42,8): error C2039: 'fstream': is not a member of 'std'
C:\Dev\ProjectTime\Core\predefined C++ types (compiler internal)(339): message : see declaration of 'std'
C:\Dev\ProjectTime\Core\src\File Managment\Basic_File.h(42,16): error C3646: 'm_file': unknown override specifier
C:\Dev\ProjectTime\Core\src\File Managment\Basic_File.h(42,22): error C4430: missing type specifier - int assumed. Note: C++ does not support default-int
C:\Dev\ProjectTime\Core\src\File Managment\Basic_File.h(43,8): error C2039: 'fstream': is not a member of 'std'
C:\Dev\ProjectTime\Core\predefined C++ types (compiler internal)(339): message : see declaration of 'std'
C:\Dev\ProjectTime\Core\src\File Managment\Basic_File.h(43,16): error C3646: 'm_temp': unknown override specifier
C:\Dev\ProjectTime\Core\src\File Managment\Basic_File.h(43,22): error C4430: missing type specifier - int assumed. Note: C++ does not support default-int
C:\Dev\ProjectTime\Core\src\File Managment\Basic_File.cpp(14,2): error C2511: 'Oort::OortFile::OortFile(const std::string)': overloaded member function not found in 'Oort::OortFile'
C:\Dev\ProjectTime\Core\src\File Managment\Basic_File.h(5): message : see declaration of 'Oort::OortFile'
C:\Dev\ProjectTime\Core\src\File Managment\Basic_File.cpp(33,19): error C2039: 'Read': is not a member of 'Oort::OortFile'
C:\Dev\ProjectTime\Core\src\File Managment\Basic_File.h(5): message : see declaration of 'Oort::OortFile'
C:\Dev\ProjectTime\Core\src\File Managment\Basic_File.cpp(39,2): error C2511: 'bool Oort::OortFile::Write(const std::string)': overloaded member function not found in 'Oort::OortFile'
C:\Dev\ProjectTime\Core\src\File Managment\Basic_File.h(5): message : see declaration of 'Oort::OortFile'
C:\Dev\ProjectTime\Core\src\File Managment\Basic_File.cpp(76,19): error C2039: 'GetPath': is not a member of 'Oort::OortFile'
C:\Dev\ProjectTime\Core\src\File Managment\Basic_File.h(5): message : see declaration of 'Oort::OortFile'
C:\Dev\ProjectTime\Core\src\File Managment\Basic_File.cpp(81,19): error C2039: 'GetName': is not a member of 'Oort::OortFile'
C:\Dev\ProjectTime\Core\src\File Managment\Basic_File.h(5): message : see declaration of 'Oort::OortFile'
C:\Dev\ProjectTime\Core\src\File Managment\Basic_File.cpp(86,19): error C2039: 'GetExtension': is not a member of 'Oort::OortFile'
C:\Dev\ProjectTime\Core\src\File Managment\Basic_File.h(5): message : see declaration of 'Oort::OortFile'
C:\Dev\ProjectTime\Core\src\File Managment\Basic_File.cpp(91,19): error C2039: 'GetFullName': is not a member of 'Oort::OortFile'
C:\Dev\ProjectTime\Core\src\File Managment\Basic_File.h(5): message : see declaration of 'Oort::OortFile'
