  Basic_File.cpp
C:\Dev\ProjectTime\Core\src\Base\FileManagment\Basic_File.cpp(148,26): warning C4101: 'e': unreferenced local variable
C:\Dev\ProjectTime\Core\src\Base\FileManagment\Basic_File.cpp(182,26): warning C4101: 'e': unreferenced local variable
C:\Dev\ProjectTime\Core\src\Base\FileManagment\Basic_File.cpp(375,26): warning C4101: 'e': unreferenced local variable
C:\Dev\ProjectTime\Core\src\Base\FileManagment\Basic_File.cpp(392,26): warning C4101: 'e': unreferenced local variable
C:\Dev\ProjectTime\Core\src\Base\FileManagment\Basic_File.cpp(422,26): warning C4101: 'e': unreferenced local variable
C:\Dev\ProjectTime\Core\src\Base\FileManagment\Basic_File.cpp(442,26): warning C4101: 'e': unreferenced local variable
C:\Dev\ProjectTime\Core\src\Base\FileManagment\Basic_File.cpp(471,26): warning C4101: 'e': unreferenced local variable
C:\Dev\ProjectTime\Core\src\Base\FileManagment\Basic_File.cpp(489,26): warning C4101: 'e': unreferenced local variable
C:\Dev\ProjectTime\Core\src\Base\FileManagment\Basic_File.cpp(508,26): warning C4101: 'e': unreferenced local variable
C:\Dev\ProjectTime\Core\src\Base\FileManagment\Basic_File.cpp(561,26): warning C4101: 'e': unreferenced local variable
C:\Dev\ProjectTime\Core\src\Base\FileManagment\Basic_File.cpp(578,26): warning C4101: 'e': unreferenced local variable
C:\Dev\ProjectTime\Core\src\Base\FileManagment\Basic_File.cpp(608,26): warning C4101: 'e': unreferenced local variable
C:\Dev\ProjectTime\Core\src\Base\FileManagment\Basic_File.cpp(628,26): warning C4101: 'e': unreferenced local variable
C:\Dev\ProjectTime\Core\src\Base\FileManagment\Basic_File.cpp(657,26): warning C4101: 'e': unreferenced local variable
C:\Dev\ProjectTime\Core\src\Base\FileManagment\Basic_File.cpp(675,26): warning C4101: 'e': unreferenced local variable
C:\Dev\ProjectTime\Core\src\Base\FileManagment\Basic_File.cpp(694,26): warning C4101: 'e': unreferenced local variable
C:\Dev\ProjectTime\Core\src\Base\FileManagment\Basic_File.cpp(775,26): warning C4101: 'e': unreferenced local variable
  Project.cpp
C:\Dev\ProjectTime\Core\src\Project\ProjectType.h(10,3): error C2757: 'ProjectType': a symbol with this name already exists and therefore this name cannot be used as a namespace name
C:\Dev\ProjectTime\Core\src\Project\ProjectType.h(23,4): error C2757: 'Programing': a symbol with this name already exists and therefore this name cannot be used as a namespace name
C:\Dev\ProjectTime\Core\src\Project\ProjectType.h(34,5): error C2757: 'Python': a symbol with this name already exists and therefore this name cannot be used as a namespace name
C:\Dev\ProjectTime\Core\src\Project\ProjectType.h(43,5): error C2757: 'Dart': a symbol with this name already exists and therefore this name cannot be used as a namespace name
C:\Dev\ProjectTime\Core\src\Project\ProjectType.h(49,6): error C2757: 'Flutter': a symbol with this name already exists and therefore this name cannot be used as a namespace name
C:\Dev\ProjectTime\Core\src\Project\ProjectType.h(63,5): error C2757: 'Java': a symbol with this name already exists and therefore this name cannot be used as a namespace name
C:\Dev\ProjectTime\Core\src\Project\ProjectType.h(70,6): error C2757: 'MinecraftMod': a symbol with this name already exists and therefore this name cannot be used as a namespace name
C:\Dev\ProjectTime\Core\src\Project\ProjectType.h(77,6): error C2757: 'MinecraftPlugin': a symbol with this name already exists and therefore this name cannot be used as a namespace name
C:\Dev\ProjectTime\Core\src\Project\ProjectType.h(85,5): error C2757: 'JavaScript': a symbol with this name already exists and therefore this name cannot be used as a namespace name
C:\Dev\ProjectTime\Core\src\Project\ProjectType.h(96,5): error C2757: 'CSharp': a symbol with this name already exists and therefore this name cannot be used as a namespace name
C:\Dev\ProjectTime\Core\src\Project\ProjectType.h(104,5): error C2757: 'CPP': a symbol with this name already exists and therefore this name cannot be used as a namespace name
C:\Dev\ProjectTime\Core\src\Project\ProjectType.h(114,5): error C2757: 'C': a symbol with this name already exists and therefore this name cannot be used as a namespace name
C:\Dev\ProjectTime\Core\src\Project\ProjectType.h(125,36): error C2039: 'WPFApp': is not a member of 'Core::Project::ProjectType::Programing::CSharp'
C:\Dev\ProjectTime\Core\src\Project\ProjectType.h(95): message : see declaration of 'Core::Project::ProjectType::Programing::CSharp'
C:\Dev\ProjectTime\Core\src\Project\ProjectType.h(125,42): error C2504: 'WPFApp': base class undefined
C:\Dev\ProjectTime\Core\src\Project\ProjectType.h(125,53): error C2039: 'DynamicLibrary': is not a member of 'Core::Project::ProjectType::Programing::CPP'
C:\Dev\ProjectTime\Core\src\Project\ProjectType.h(103): message : see declaration of 'Core::Project::ProjectType::Programing::CPP'
C:\Dev\ProjectTime\Core\src\Project\ProjectType.h(125,68): error C2504: 'DynamicLibrary': base class undefined
C:\Dev\ProjectTime\Core\src\Project\ProjectType.h(126,36): error C2039: 'ConsoleApp': is not a member of 'Core::Project::ProjectType::Programing::Python'
C:\Dev\ProjectTime\Core\src\Project\ProjectType.h(33): message : see declaration of 'Core::Project::ProjectType::Programing::Python'
C:\Dev\ProjectTime\Core\src\Project\ProjectType.h(126,46): error C2504: 'ConsoleApp': base class undefined
C:\Dev\ProjectTime\Core\src\Project\ProjectType.h(126,51): error C2039: 'StaticLibrary': is not a member of 'Core::Project::ProjectType::Programing::C'
C:\Dev\ProjectTime\Core\src\Project\ProjectType.h(113): message : see declaration of 'Core::Project::ProjectType::Programing::C'
C:\Dev\ProjectTime\Core\src\Project\ProjectType.h(126,68): error C2504: 'StaticLibrary': base class undefined
C:\Dev\ProjectTime\Core\src\Project\ProjectType.h(127,36): error C2039: 'ConsoleApp': is not a member of 'Core::Project::ProjectType::Programing::Python'
C:\Dev\ProjectTime\Core\src\Project\ProjectType.h(33): message : see declaration of 'Core::Project::ProjectType::Programing::Python'
C:\Dev\ProjectTime\Core\src\Project\ProjectType.h(127,46): error C2504: 'ConsoleApp': base class undefined
C:\Dev\ProjectTime\Core\src\Project\ProjectType.h(127,53): error C2039: 'StaticLibrary': is not a member of 'Core::Project::ProjectType::Programing::CPP'
C:\Dev\ProjectTime\Core\src\Project\ProjectType.h(103): message : see declaration of 'Core::Project::ProjectType::Programing::CPP'
C:\Dev\ProjectTime\Core\src\Project\ProjectType.h(127,68): error C2504: 'StaticLibrary': base class undefined
C:\Dev\ProjectTime\Core\src\Project\ProjectType.h(128,36): error C2039: 'PyGame': is not a member of 'Core::Project::ProjectType::Programing::Python'
C:\Dev\ProjectTime\Core\src\Project\ProjectType.h(33): message : see declaration of 'Core::Project::ProjectType::Programing::Python'
C:\Dev\ProjectTime\Core\src\Project\ProjectType.h(128,42): error C2504: 'PyGame': base class undefined
C:\Dev\ProjectTime\Core\src\Project\ProjectType.h(128,51): error C2039: 'StaticLibrary': is not a member of 'Core::Project::ProjectType::Programing::C'
C:\Dev\ProjectTime\Core\src\Project\ProjectType.h(113): message : see declaration of 'Core::Project::ProjectType::Programing::C'
C:\Dev\ProjectTime\Core\src\Project\ProjectType.h(128,68): error C2504: 'StaticLibrary': base class undefined
C:\Dev\ProjectTime\Core\src\Project\ProjectType.h(129,36): error C2039: 'PyGame': is not a member of 'Core::Project::ProjectType::Programing::Python'
C:\Dev\ProjectTime\Core\src\Project\ProjectType.h(33): message : see declaration of 'Core::Project::ProjectType::Programing::Python'
C:\Dev\ProjectTime\Core\src\Project\ProjectType.h(129,42): error C2504: 'PyGame': base class undefined
C:\Dev\ProjectTime\Core\src\Project\ProjectType.h(129,53): error C2039: 'StaticLibrary': is not a member of 'Core::Project::ProjectType::Programing::CPP'
C:\Dev\ProjectTime\Core\src\Project\ProjectType.h(103): message : see declaration of 'Core::Project::ProjectType::Programing::CPP'
C:\Dev\ProjectTime\Core\src\Project\ProjectType.h(129,68): error C2504: 'StaticLibrary': base class undefined
C:\Dev\ProjectTime\Core\src\Project\ProjectType.h(134,4): error C2757: 'Game': a symbol with this name already exists and therefore this name cannot be used as a namespace name
C:\Dev\ProjectTime\Core\src\Project\ProjectType.h(143,5): error C2757: 'Minecraft': a symbol with this name already exists and therefore this name cannot be used as a namespace name
C:\Dev\ProjectTime\Core\src\Project\ProjectType.h(151,4): error C2757: 'Editing': a symbol with this name already exists and therefore this name cannot be used as a namespace name
C:\Dev\ProjectTime\Core\src\Project\ProjectType.h(161,4): error C2757: 'Music': a symbol with this name already exists and therefore this name cannot be used as a namespace name
C:\Dev\ProjectTime\Core\src\Project\ProjectType.h(169,4): error C2757: 'ThreeD': a symbol with this name already exists and therefore this name cannot be used as a namespace name
C:\Dev\ProjectTime\Core\src\Project\ProjectType.h(175,4): error C2757: 'TwoD': a symbol with this name already exists and therefore this name cannot be used as a namespace name
C:\Dev\ProjectTime\Core\src\Project\ProjectType.h(183,4): error C2757: 'Compositing': a symbol with this name already exists and therefore this name cannot be used as a namespace name
C:\Dev\ProjectTime\Core\src\Project\Project.cpp(14,9): error C2512: 'Core::ProjectFile': no appropriate default constructor available
C:\Dev\ProjectTime\Core\src\FileManagment\ProjectFile.h(9,8): message : see declaration of 'Core::ProjectFile'
C:\Dev\ProjectTime\Core\src\Project\Project.cpp(19,27): error C2280: 'Core::ProjectFile &Core::ProjectFile::operator =(const Core::ProjectFile &)': attempting to reference a deleted function
C:\Dev\ProjectTime\Core\src\FileManagment\ProjectFile.h(34): message : compiler has generated 'Core::ProjectFile::operator =' here
C:\Dev\ProjectTime\Core\src\FileManagment\ProjectFile.h(34,2): message : 'Core::ProjectFile &Core::ProjectFile::operator =(const Core::ProjectFile &)': function was implicitly deleted because a base class invokes a deleted or inaccessible function 'Core::File &Core::File::operator =(const Core::File &)'
C:\Dev\ProjectTime\Core\src\Base\FileManagment\Basic_File.h(60,2): message : 'Core::File &Core::File::operator =(const Core::File &)': function was implicitly deleted because a data member invokes a deleted or inaccessible function 'std::basic_fstream<char,std::char_traits<char>> &std::basic_fstream<char,std::char_traits<char>>::operator =(const std::basic_fstream<char,std::char_traits<char>> &)'
C:\Program Files\Microsoft Visual Studio\2022\Community\VC\Tools\MSVC\14.32.31326\include\fstream(1256,20): message : 'std::basic_fstream<char,std::char_traits<char>> &std::basic_fstream<char,std::char_traits<char>>::operator =(const std::basic_fstream<char,std::char_traits<char>> &)': function was explicitly deleted
  ProjectFile.cpp
  Logger.cpp
C:\Dev\ProjectTime\Core\src\Base\Logger.cpp(96,93): error C2661: 'Core::File::File': no overloaded function takes 2 arguments
