C:\Program Files\Microsoft Visual Studio\2022\Community\MSBuild\Microsoft\VC\v170\Microsoft.CppBuild.targets(502,5): warning MSB8004: Intermediate Directory does not end with a trailing slash.  This build instance will add the slash as it is required to allow proper evaluation of the Intermediate Directory.
C:\Program Files\Microsoft Visual Studio\2022\Community\MSBuild\Microsoft\VC\v170\Microsoft.CppBuild.targets(503,5): warning MSB8004: Output Directory does not end with a trailing slash.  This build instance will add the slash as it is required to allow proper evaluation of the Output Directory.
  Scanning sources for module dependencies...
  ErrorBase.cpp
c1xx : fatal  error C1083: Cannot open source file: 'src\Base\Error\ErrorBase.cpp': No such file or directory
  ProjectFile.cpp
C:\Dev\ProjectTime\Core\src\FileManagment\ProjectFile.h(23,48): error C2065: 'string': undeclared identifier
C:\Dev\ProjectTime\Core\src\FileManagment\ProjectFile.h(23,56): error C2065: 'any': undeclared identifier
C:\Dev\ProjectTime\Core\src\FileManagment\ProjectFile.h(23,44): error C2923: 'std::map': 'string' is not a valid template type argument for parameter '_Kty'
C:\Dev\ProjectTime\Core\src\FileManagment\ProjectFile.h(23,48): message : see declaration of 'string'
C:\Dev\ProjectTime\Core\src\FileManagment\ProjectFile.h(23,44): error C2923: 'std::map': 'any' is not a valid template type argument for parameter '_Ty'
C:\Dev\ProjectTime\Core\src\FileManagment\ProjectFile.h(23,56): message : see declaration of 'any'
C:\Dev\ProjectTime\Core\src\FileManagment\ProjectFile.h(23,44): error C2976: 'std::map': too few template arguments
C:\Program Files\Microsoft Visual Studio\2022\Community\VC\Tools\MSVC\14.34.31933\include\map(73,1): message : see declaration of 'std::map'
C:\Dev\ProjectTime\Core\src\FileManagment\ProjectFile.h(23,61): error C2955: 'std::map': use of class template requires template argument list
C:\Program Files\Microsoft Visual Studio\2022\Community\VC\Tools\MSVC\14.34.31933\include\map(73,1): message : see declaration of 'std::map'
C:\Dev\ProjectTime\Core\src\FileManagment\ProjectFile.cpp(88,20): error C2511: 'void Core::ProjectFile::SaveMap(std::string &,std::map<std::string,std::any,std::less<std::string>,std::allocator<std::pair<const std::string,std::any>>>)': overloaded member function not found in 'Core::ProjectFile'
C:\Dev\ProjectTime\Core\src\FileManagment\ProjectFile.h(13,8): message : see declaration of 'Core::ProjectFile'
C:\Dev\ProjectTime\Core\src\FileManagment\ProjectFile.cpp(92,12): error C2597: illegal reference to non-static member 'Core::ProjectFile::projectData'
C:\Dev\ProjectTime\Core\src\FileManagment\ProjectFile.h(53,35): message : see declaration of 'Core::ProjectFile::projectData'
C:\Dev\ProjectTime\Core\src\FileManagment\ProjectFile.cpp(95,24): error C2597: illegal reference to non-static member 'Core::ProjectFile::projectData'
C:\Dev\ProjectTime\Core\src\FileManagment\ProjectFile.h(53,35): message : see declaration of 'Core::ProjectFile::projectData'
C:\Dev\ProjectTime\Core\src\FileManagment\ProjectFile.cpp(95,24): error C3535: cannot deduce type for 'auto &&' from 'unknown'
C:\Dev\ProjectTime\Core\src\FileManagment\ProjectFile.cpp(95,24): error C2440: 'initializing': cannot convert from 'unknown' to 'int &&'
C:\Dev\ProjectTime\Core\src\FileManagment\ProjectFile.cpp(95,24): message : Reason: cannot convert from 'unknown' to 'int'
C:\Dev\ProjectTime\Core\src\FileManagment\ProjectFile.cpp(95,24): message : There is no context in which this conversion is possible
C:\Dev\ProjectTime\Core\src\FileManagment\ProjectFile.cpp(95,24): error C2672: 'begin': no matching overloaded function found
C:\Program Files\Microsoft Visual Studio\2022\Community\VC\Tools\MSVC\14.34.31933\include\xutility(1534,27): message : could be '_Ty *std::begin(_Ty (&)[_Size]) noexcept'
C:\Dev\ProjectTime\Core\src\FileManagment\ProjectFile.cpp(95,24): message : '_Ty *std::begin(_Ty (&)[_Size]) noexcept': could not deduce template argument for '_Ty (&)[_Size]' from 'int'
C:\Program Files\Microsoft Visual Studio\2022\Community\VC\Tools\MSVC\14.34.31933\include\xutility(1516,30): message : or       'unknown-type std::begin(const _Container &) noexcept(<expr>)'
C:\Dev\ProjectTime\Core\src\FileManagment\ProjectFile.cpp(95,24): message : Failed to specialize function template 'unknown-type std::begin(const _Container &) noexcept(<expr>)'
C:\Dev\ProjectTime\Core\src\FileManagment\ProjectFile.cpp(95,24): message : With the following template arguments:
C:\Dev\ProjectTime\Core\src\FileManagment\ProjectFile.cpp(95,24): message : '_Container=int'
C:\Program Files\Microsoft Visual Studio\2022\Community\VC\Tools\MSVC\14.34.31933\include\xutility(1510,30): message : or       'unknown-type std::begin(_Container &) noexcept(<expr>)'
C:\Dev\ProjectTime\Core\src\FileManagment\ProjectFile.cpp(95,24): message : Failed to specialize function template 'unknown-type std::begin(_Container &) noexcept(<expr>)'
C:\Dev\ProjectTime\Core\src\FileManagment\ProjectFile.cpp(95,24): message : With the following template arguments:
C:\Dev\ProjectTime\Core\src\FileManagment\ProjectFile.cpp(95,24): message : '_Container=int'
C:\Program Files\Microsoft Visual Studio\2022\Community\VC\Tools\MSVC\14.34.31933\include\initializer_list(55,35): message : or       'const _Elem *std::begin(std::initializer_list<_Elem>) noexcept'
C:\Dev\ProjectTime\Core\src\FileManagment\ProjectFile.cpp(95,24): message : 'const _Elem *std::begin(std::initializer_list<_Elem>) noexcept': could not deduce template argument for 'std::initializer_list<_Elem>' from 'int'
C:\Dev\ProjectTime\Core\src\FileManagment\ProjectFile.cpp(95,24): error C2672: 'end': no matching overloaded function found
C:\Program Files\Microsoft Visual Studio\2022\Community\VC\Tools\MSVC\14.34.31933\include\xutility(1539,27): message : could be '_Ty *std::end(_Ty (&)[_Size]) noexcept'
C:\Dev\ProjectTime\Core\src\FileManagment\ProjectFile.cpp(95,24): message : '_Ty *std::end(_Ty (&)[_Size]) noexcept': could not deduce template argument for '_Ty (&)[_Size]' from 'int'
C:\Program Files\Microsoft Visual Studio\2022\Community\VC\Tools\MSVC\14.34.31933\include\xutility(1528,30): message : or       'unknown-type std::end(const _Container &) noexcept(<expr>)'
C:\Dev\ProjectTime\Core\src\FileManagment\ProjectFile.cpp(95,24): message : Failed to specialize function template 'unknown-type std::end(const _Container &) noexcept(<expr>)'
C:\Dev\ProjectTime\Core\src\FileManagment\ProjectFile.cpp(95,24): message : With the following template arguments:
C:\Dev\ProjectTime\Core\src\FileManagment\ProjectFile.cpp(95,24): message : '_Container=int'
C:\Program Files\Microsoft Visual Studio\2022\Community\VC\Tools\MSVC\14.34.31933\include\xutility(1522,30): message : or       'unknown-type std::end(_Container &) noexcept(<expr>)'
C:\Dev\ProjectTime\Core\src\FileManagment\ProjectFile.cpp(95,24): message : Failed to specialize function template 'unknown-type std::end(_Container &) noexcept(<expr>)'
C:\Dev\ProjectTime\Core\src\FileManagment\ProjectFile.cpp(95,24): message : With the following template arguments:
C:\Dev\ProjectTime\Core\src\FileManagment\ProjectFile.cpp(95,24): message : '_Container=int'
C:\Program Files\Microsoft Visual Studio\2022\Community\VC\Tools\MSVC\14.34.31933\include\initializer_list(60,35): message : or       'const _Elem *std::end(std::initializer_list<_Elem>) noexcept'
C:\Dev\ProjectTime\Core\src\FileManagment\ProjectFile.cpp(95,24): message : 'const _Elem *std::end(std::initializer_list<_Elem>) noexcept': could not deduce template argument for 'std::initializer_list<_Elem>' from 'int'
C:\Dev\ProjectTime\Core\src\FileManagment\ProjectFile.cpp(96,3): error C3536: '<begin>$L0': cannot be used before it is initialized
C:\Dev\ProjectTime\Core\src\FileManagment\ProjectFile.cpp(96,3): error C3536: '<end>$L0': cannot be used before it is initialized
C:\Dev\ProjectTime\Core\src\FileManagment\ProjectFile.cpp(95,35): error C2100: illegal indirection
C:\Dev\ProjectTime\Core\src\FileManagment\ProjectFile.cpp(105,5): error C2352: 'Core::ProjectFile::SaveMap': a call of a non-static member function requires an object
C:\Dev\ProjectTime\Core\src\FileManagment\ProjectFile.h(23,8): message : see declaration of 'Core::ProjectFile::SaveMap'
C:\Dev\ProjectTime\Core\src\FileManagment\ProjectFile.cpp(247,45): error C2039: 'toString': is not a member of 'Core::ProjectNS::ProjectType'
C:\Dev\ProjectTime\Core\src\Project\ProjectType.h(7,9): message : see declaration of 'Core::ProjectNS::ProjectType'
  Project.cpp
C:\Dev\ProjectTime\Core\src\FileManagment\ProjectFile.h(23,48): error C2065: 'string': undeclared identifier
C:\Dev\ProjectTime\Core\src\FileManagment\ProjectFile.h(23,56): error C2065: 'any': undeclared identifier
C:\Dev\ProjectTime\Core\src\FileManagment\ProjectFile.h(23,44): error C2923: 'std::map': 'string' is not a valid template type argument for parameter '_Kty'
C:\Dev\ProjectTime\Core\src\FileManagment\ProjectFile.h(23,48): message : see declaration of 'string'
C:\Dev\ProjectTime\Core\src\FileManagment\ProjectFile.h(23,44): error C2923: 'std::map': 'any' is not a valid template type argument for parameter '_Ty'
C:\Dev\ProjectTime\Core\src\FileManagment\ProjectFile.h(23,56): message : see declaration of 'any'
C:\Dev\ProjectTime\Core\src\FileManagment\ProjectFile.h(23,44): error C2976: 'std::map': too few template arguments
C:\Program Files\Microsoft Visual Studio\2022\Community\VC\Tools\MSVC\14.34.31933\include\map(73,1): message : see declaration of 'std::map'
C:\Dev\ProjectTime\Core\src\FileManagment\ProjectFile.h(23,61): error C2955: 'std::map': use of class template requires template argument list
C:\Program Files\Microsoft Visual Studio\2022\Community\VC\Tools\MSVC\14.34.31933\include\map(73,1): message : see declaration of 'std::map'
C:\Dev\ProjectTime\Core\src\Project\Project.cpp(41,4): error C2679: binary '=': no operator found which takes a right-hand operand of type 'std::any' (or there is no acceptable conversion)
C:\Program Files\Microsoft Visual Studio\2022\Community\VC\Tools\MSVC\14.34.31933\include\xstring(3362,32): message : could be 'std::basic_string<char,std::char_traits<char>,std::allocator<char>> &std::basic_string<char,std::char_traits<char>,std::allocator<char>>::operator =(const _Elem)'
          with
          [
              _Elem=char
          ]
C:\Program Files\Microsoft Visual Studio\2022\Community\VC\Tools\MSVC\14.34.31933\include\xstring(3354,32): message : or       'std::basic_string<char,std::char_traits<char>,std::allocator<char>> &std::basic_string<char,std::char_traits<char>,std::allocator<char>>::operator =(const _Elem *const )'
          with
          [
              _Elem=char
          ]
C:\Program Files\Microsoft Visual Studio\2022\Community\VC\Tools\MSVC\14.34.31933\include\xstring(3302,32): message : or       'std::basic_string<char,std::char_traits<char>,std::allocator<char>> &std::basic_string<char,std::char_traits<char>,std::allocator<char>>::operator =(const std::basic_string<char,std::char_traits<char>,std::allocator<char>> &)'
C:\Program Files\Microsoft Visual Studio\2022\Community\VC\Tools\MSVC\14.34.31933\include\xstring(3230,32): message : or       'std::basic_string<char,std::char_traits<char>,std::allocator<char>> &std::basic_string<char,std::char_traits<char>,std::allocator<char>>::operator =(std::initializer_list<_Elem>)'
          with
          [
              _Elem=char
          ]
C:\Program Files\Microsoft Visual Studio\2022\Community\VC\Tools\MSVC\14.34.31933\include\xstring(3097,32): message : or       'std::basic_string<char,std::char_traits<char>,std::allocator<char>> &std::basic_string<char,std::char_traits<char>,std::allocator<char>>::operator =(std::basic_string<char,std::char_traits<char>,std::allocator<char>> &&) noexcept(<expr>)'
C:\Program Files\Microsoft Visual Studio\2022\Community\VC\Tools\MSVC\14.34.31933\include\xstring(3349,32): message : or       'std::basic_string<char,std::char_traits<char>,std::allocator<char>> &std::basic_string<char,std::char_traits<char>,std::allocator<char>>::operator =(const _StringViewIsh &)'
C:\Dev\ProjectTime\Core\src\Project\Project.cpp(41,43): message : 'std::basic_string<char,std::char_traits<char>,std::allocator<char>> &std::basic_string<char,std::char_traits<char>,std::allocator<char>>::operator =(const _StringViewIsh &)': could not deduce template argument for '__formal'
C:\Dev\ProjectTime\Core\src\Project\Project.cpp(41,4): message : while trying to match the argument list '(std::string, std::any)'
C:\Dev\ProjectTime\Core\src\Project\Project.cpp(42,4): error C2679: binary '=': no operator found which takes a right-hand operand of type 'std::any' (or there is no acceptable conversion)
C:\Program Files\Microsoft Visual Studio\2022\Community\VC\Tools\MSVC\14.34.31933\include\xstring(3362,32): message : could be 'std::basic_string<char,std::char_traits<char>,std::allocator<char>> &std::basic_string<char,std::char_traits<char>,std::allocator<char>>::operator =(const _Elem)'
          with
          [
              _Elem=char
          ]
C:\Program Files\Microsoft Visual Studio\2022\Community\VC\Tools\MSVC\14.34.31933\include\xstring(3354,32): message : or       'std::basic_string<char,std::char_traits<char>,std::allocator<char>> &std::basic_string<char,std::char_traits<char>,std::allocator<char>>::operator =(const _Elem *const )'
          with
          [
              _Elem=char
          ]
C:\Program Files\Microsoft Visual Studio\2022\Community\VC\Tools\MSVC\14.34.31933\include\xstring(3302,32): message : or       'std::basic_string<char,std::char_traits<char>,std::allocator<char>> &std::basic_string<char,std::char_traits<char>,std::allocator<char>>::operator =(const std::basic_string<char,std::char_traits<char>,std::allocator<char>> &)'
C:\Program Files\Microsoft Visual Studio\2022\Community\VC\Tools\MSVC\14.34.31933\include\xstring(3230,32): message : or       'std::basic_string<char,std::char_traits<char>,std::allocator<char>> &std::basic_string<char,std::char_traits<char>,std::allocator<char>>::operator =(std::initializer_list<_Elem>)'
          with
          [
              _Elem=char
          ]
C:\Program Files\Microsoft Visual Studio\2022\Community\VC\Tools\MSVC\14.34.31933\include\xstring(3097,32): message : or       'std::basic_string<char,std::char_traits<char>,std::allocator<char>> &std::basic_string<char,std::char_traits<char>,std::allocator<char>>::operator =(std::basic_string<char,std::char_traits<char>,std::allocator<char>> &&) noexcept(<expr>)'
C:\Program Files\Microsoft Visual Studio\2022\Community\VC\Tools\MSVC\14.34.31933\include\xstring(3349,32): message : or       'std::basic_string<char,std::char_traits<char>,std::allocator<char>> &std::basic_string<char,std::char_traits<char>,std::allocator<char>>::operator =(const _StringViewIsh &)'
C:\Dev\ProjectTime\Core\src\Project\Project.cpp(42,57): message : 'std::basic_string<char,std::char_traits<char>,std::allocator<char>> &std::basic_string<char,std::char_traits<char>,std::allocator<char>>::operator =(const _StringViewIsh &)': could not deduce template argument for '__formal'
C:\Dev\ProjectTime\Core\src\Project\Project.cpp(42,4): message : while trying to match the argument list '(std::string, std::any)'
C:\Dev\ProjectTime\Core\src\Project\Project.cpp(43,4): error C2679: binary '=': no operator found which takes a right-hand operand of type 'std::any' (or there is no acceptable conversion)
C:\Program Files\Microsoft Visual Studio\2022\Community\VC\Tools\MSVC\14.34.31933\include\xstring(3362,32): message : could be 'std::basic_string<char,std::char_traits<char>,std::allocator<char>> &std::basic_string<char,std::char_traits<char>,std::allocator<char>>::operator =(const _Elem)'
          with
          [
              _Elem=char
          ]
C:\Program Files\Microsoft Visual Studio\2022\Community\VC\Tools\MSVC\14.34.31933\include\xstring(3354,32): message : or       'std::basic_string<char,std::char_traits<char>,std::allocator<char>> &std::basic_string<char,std::char_traits<char>,std::allocator<char>>::operator =(const _Elem *const )'
          with
          [
              _Elem=char
          ]
C:\Program Files\Microsoft Visual Studio\2022\Community\VC\Tools\MSVC\14.34.31933\include\xstring(3302,32): message : or       'std::basic_string<char,std::char_traits<char>,std::allocator<char>> &std::basic_string<char,std::char_traits<char>,std::allocator<char>>::operator =(const std::basic_string<char,std::char_traits<char>,std::allocator<char>> &)'
C:\Program Files\Microsoft Visual Studio\2022\Community\VC\Tools\MSVC\14.34.31933\include\xstring(3230,32): message : or       'std::basic_string<char,std::char_traits<char>,std::allocator<char>> &std::basic_string<char,std::char_traits<char>,std::allocator<char>>::operator =(std::initializer_list<_Elem>)'
          with
          [
              _Elem=char
          ]
C:\Program Files\Microsoft Visual Studio\2022\Community\VC\Tools\MSVC\14.34.31933\include\xstring(3097,32): message : or       'std::basic_string<char,std::char_traits<char>,std::allocator<char>> &std::basic_string<char,std::char_traits<char>,std::allocator<char>>::operator =(std::basic_string<char,std::char_traits<char>,std::allocator<char>> &&) noexcept(<expr>)'
C:\Program Files\Microsoft Visual Studio\2022\Community\VC\Tools\MSVC\14.34.31933\include\xstring(3349,32): message : or       'std::basic_string<char,std::char_traits<char>,std::allocator<char>> &std::basic_string<char,std::char_traits<char>,std::allocator<char>>::operator =(const _StringViewIsh &)'
C:\Dev\ProjectTime\Core\src\Project\Project.cpp(43,43): message : 'std::basic_string<char,std::char_traits<char>,std::allocator<char>> &std::basic_string<char,std::char_traits<char>,std::allocator<char>>::operator =(const _StringViewIsh &)': could not deduce template argument for '__formal'
C:\Dev\ProjectTime\Core\src\Project\Project.cpp(43,4): message : while trying to match the argument list '(std::string, std::any)'
C:\Dev\ProjectTime\Core\src\Project\Project.cpp(64,4): error C2146: syntax error: missing ';' before identifier 'm_ProjectFile'
C:\Dev\ProjectTime\Core\src\Project\Project.cpp(64,17): error C3867: 'Core::ProjectFile::GetLastModifiedDate': non-standard syntax; use '&' to create a pointer to member
