<?xml version="1.0" encoding="UTF-8"?>
<Site BuildName="Win32-mingw32-make"
	BuildStamp="20230627-0918-Experimental"
	Name="ShakedKodPC"
	Generator="ctest-3.25.1"
	CompilerName="C:/Dev/sdks/mingw64/bin/g++.exe"
	CompilerVersion="12.2.0"
	OSName="Windows"
	Hostname="ShakedKodPC"
	OSRelease=" Professional"
	OSVersion=" (Build 22621)"
	OSPlatform="AMD64"
	Is64Bits="1"
	VendorString="GenuineIntel"
	VendorID="Intel Corporation"
	FamilyID="6"
	ModelID="5"
	ProcessorCacheSize="-1"
	NumberOfLogicalCPU="16"
	NumberOfPhysicalCPU="8"
	TotalVirtualMemory="53117"
	TotalPhysicalMemory="16253"
	LogicalProcessorsPerPhysical="2"
	ProcessorClockFrequency="2904"
	>
	<Testing>
		<StartDateTime>Jun 27 22:14 Jerusalem Daylight Time</StartDateTime>
		<StartTestTime>1687893262</StartTestTime>
		<TestList/>
		<EndDateTime>Jun 27 22:14 Jerusalem Daylight Time</EndDateTime>
		<EndTestTime>1687893262</EndTestTime>
		<ElapsedMinutes>0</ElapsedMinutes>
	</Testing>
</Site>
