<?xml version="1.0" encoding="UTF-8"?>
<Site BuildName="Win32-mingw32-make"
	BuildStamp="20230613-1018-Experimental"
	Name="ShakedKodPC"
	Generator="ctest-3.25.1"
	CompilerName="C:/Dev/sdks/mingw64/bin/g++.exe"
	CompilerVersion="12.2.0"
	OSName="Windows"
	Hostname="ShakedKodPC"
	OSRelease=" Professional"
	OSVersion=" (Build 22621)"
	OSPlatform="AMD64"
	Is64Bits="1"
	VendorString="GenuineIntel"
	VendorID="Intel Corporation"
	FamilyID="6"
	ModelID="5"
	ProcessorCacheSize="-1"
	NumberOfLogicalCPU="16"
	NumberOfPhysicalCPU="8"
	TotalVirtualMemory="41643"
	TotalPhysicalMemory="16253"
	LogicalProcessorsPerPhysical="2"
	ProcessorClockFrequency="2904"
	>
	<Testing>
		<StartDateTime>Jun 13 13:18 Jerusalem Daylight Time</StartDateTime>
		<StartTestTime>1686651485</StartTestTime>
		<TestList/>
		<EndDateTime>Jun 13 13:18 Jerusalem Daylight Time</EndDateTime>
		<EndTestTime>1686651485</EndTestTime>
		<ElapsedMinutes>0</ElapsedMinutes>
	</Testing>
</Site>
